'run drop_schema with param user_name = MMF_2_4'
old:DROP USER &&USER_NAME CASCADE
new:DROP USER MMF_2_4 CASCADE

User MMF_2_4 dropped.

Elapsed: 00:00:00.192
'MMF_2_4 dropped'
Elapsed: 00:00:00.192
'run drop_tablespace.sql with param user_name = MMF_2_4'
old:DROP TABLESPACE &&TBS_DATA_NAME
    INCLUDING CONTENTS AND DATAFILES
    CASCADE CONSTRAINTS
new:DROP TABLESPACE MMF_2_4_DATA
    INCLUDING CONTENTS AND DATAFILES
    CASCADE CONSTRAINTS

TABLESPACE MMF_2_4_DATA dropped.

Elapsed: 00:00:05.881
'MMF_2_4_DATA dropped'
old:DROP TABLESPACE &&TBS_IDX_NAME
    INCLUDING CONTENTS AND DATAFILES 
    CASCADE CONSTRAINTS
new:DROP TABLESPACE MMF_2_4_IDX
    INCLUDING CONTENTS AND DATAFILES 
    CASCADE CONSTRAINTS

TABLESPACE MMF_2_4_IDX dropped.

Elapsed: 00:00:05.600
'MMF_2_4_IDX dropped'
Elapsed: 00:00:05.601
