execute create_tablespace.sql for data tablespace
user_name = MMF_2_4
file location = D:\2course\MMF_2_4\install\
old:CREATE TABLESPACE &&DATA_TBSP_NAME
    DATAFILE '&&DATA_FILE_NAME' SIZE 10M AUTOEXTEND ON NEXT 10M MAXSIZE 10G
new:CREATE TABLESPACE MMF_2_4_DATA
    DATAFILE 'D:\2course\MMF_2_4\install\MMF_2_4_DATA.dbf' SIZE 10M AUTOEXTEND ON NEXT 10M MAXSIZE 10G

TABLESPACE MMF_2_4_DATA created.

Elapsed: 00:00:00.436
Elapsed: 00:00:00.436
execute create_tablespace.sql for index tablespace
user_name = MMF_2_4
file location = D:\2course\MMF_2_4\install\
old:CREATE TABLESPACE &&DATA_TBSP_NAME
    DATAFILE '&&DATA_FILE_NAME' SIZE 10M AUTOEXTEND ON NEXT 10M MAXSIZE 10G
new:CREATE TABLESPACE MMF_2_4_IDX
    DATAFILE 'D:\2course\MMF_2_4\install\MMF_2_4_IDX.dbf' SIZE 10M AUTOEXTEND ON NEXT 10M MAXSIZE 10G

TABLESPACE MMF_2_4_IDX created.

Elapsed: 00:00:00.329
Elapsed: 00:00:00.329
old:CREATE USER &&USER_NAME
    IDENTIFIED BY oracle
    DEFAULT TABLESPACE &&USER_NAME._DATA
    ACCOUNT UNLOCK
new:CREATE USER MMF_2_4
    IDENTIFIED BY oracle
    DEFAULT TABLESPACE MMF_2_4_DATA
    ACCOUNT UNLOCK

User MMF_2_4 created.

Elapsed: 00:00:00.035
Elapsed: 00:00:00.035
old:ALTER USER &&USER_NAME QUOTA UNLIMITED ON &&USER_NAME._DATA
new:ALTER USER MMF_2_4 QUOTA UNLIMITED ON MMF_2_4_DATA

User MMF_2_4 altered.

Elapsed: 00:00:00.008
old:ALTER USER &&USER_NAME QUOTA UNLIMITED ON &&USER_NAME._IDX
new:ALTER USER MMF_2_4 QUOTA UNLIMITED ON MMF_2_4_IDX

User MMF_2_4 altered.

Elapsed: 00:00:00.007
old:GRANT CREATE PROCEDURE TO &&USER_NAME
new:GRANT CREATE PROCEDURE TO MMF_2_4

Grant succeeded.

Elapsed: 00:00:00.004
old:GRANT CREATE SEQUENCE TO &&USER_NAME
new:GRANT CREATE SEQUENCE TO MMF_2_4

Grant succeeded.

Elapsed: 00:00:00.006
old:GRANT CREATE TABLE TO &&USER_NAME
new:GRANT CREATE TABLE TO MMF_2_4

Grant succeeded.

Elapsed: 00:00:00.004
old:GRANT CREATE TYPE TO &&USER_NAME
new:GRANT CREATE TYPE TO MMF_2_4

Grant succeeded.

Elapsed: 00:00:00.003
old:GRANT CREATE TRIGGER TO &&USER_NAME
new:GRANT CREATE TRIGGER TO MMF_2_4

Grant succeeded.

Elapsed: 00:00:00.006
old:GRANT CREATE SYNONYM TO &&USER_NAME
new:GRANT CREATE SYNONYM TO MMF_2_4

Grant succeeded.

Elapsed: 00:00:00.004
old:GRANT CREATE SESSION TO &&USER_NAME
new:GRANT CREATE SESSION TO MMF_2_4

Grant succeeded.

Elapsed: 00:00:00.003
old:GRANT CREATE ANY DIRECTORY TO &&USER_NAME
new:GRANT CREATE ANY DIRECTORY TO MMF_2_4

Grant succeeded.

Elapsed: 00:00:00.004
old:GRANT CREATE VIEW TO &&USER_NAME
new:GRANT CREATE VIEW TO MMF_2_4

Grant succeeded.

Elapsed: 00:00:00.005
Elapsed: 00:00:00.006
