Connected.

Table "Batch" created.

Elapsed: 00:00:00.019

Comment created.

Elapsed: 00:00:00.004

Comment created.

Elapsed: 00:00:00.001

Comment created.

Elapsed: 00:00:00.001

Comment created.

Elapsed: 00:00:00.002

Comment created.

Elapsed: 00:00:00.002

Comment created.

Elapsed: 00:00:00.002
Elapsed: 00:00:00.002

Table "Box" created.

Elapsed: 00:00:00.010

Comment created.

Elapsed: 00:00:00.003

Comment created.

Elapsed: 00:00:00.003

Comment created.

Elapsed: 00:00:00.003

Comment created.

Elapsed: 00:00:00.003
Elapsed: 00:00:00.003

Table "Cell" created.

Elapsed: 00:00:00.014

Comment created.

Elapsed: 00:00:00.003

Comment created.

Elapsed: 00:00:00.004

Comment created.

Elapsed: 00:00:00.003

Comment created.

Elapsed: 00:00:00.003
Elapsed: 00:00:00.003

Table "Customer" created.

Elapsed: 00:00:00.016

Comment created.

Elapsed: 00:00:00.004

Comment created.

Elapsed: 00:00:00.005

Comment created.

Elapsed: 00:00:00.003
Elapsed: 00:00:00.003

Table "Price" created.

Elapsed: 00:00:00.016

Comment created.

Elapsed: 00:00:00.003

Comment created.

Elapsed: 00:00:00.006

Comment created.

Elapsed: 00:00:00.003
Elapsed: 00:00:00.003

Table "Product" created.

Elapsed: 00:00:00.015

Comment created.

Elapsed: 00:00:00.003

Comment created.

Elapsed: 00:00:00.002

Comment created.

Elapsed: 00:00:00.002

Comment created.

Elapsed: 00:00:00.005

Comment created.

Elapsed: 00:00:00.002

Comment created.

Elapsed: 00:00:00.003

Comment created.

Elapsed: 00:00:00.002

Comment created.

Elapsed: 00:00:00.002
Elapsed: 00:00:00.003

Table "Shipment" created.

Elapsed: 00:00:00.012

Comment created.

Elapsed: 00:00:00.003

Comment created.

Elapsed: 00:00:00.002

Comment created.

Elapsed: 00:00:00.005
Elapsed: 00:00:00.005

Table "Status_of_batch" created.

Elapsed: 00:00:00.010

Comment created.

Elapsed: 00:00:00.004

Comment created.

Elapsed: 00:00:00.002
Elapsed: 00:00:00.002

Table "Storage" created.

Elapsed: 00:00:00.010

Comment created.

Elapsed: 00:00:00.002

Comment created.

Elapsed: 00:00:00.003
Elapsed: 00:00:00.003

Table "Type_of_box" created.

Elapsed: 00:00:00.011

Comment created.

Elapsed: 00:00:00.002

Comment created.

Elapsed: 00:00:00.003
Elapsed: 00:00:00.003

Table "Box" altered.

Elapsed: 00:00:00.016

Table "Box" altered.

Elapsed: 00:00:00.009
old:create index "DV_Box_Product_IDX" on "Box"("product_id") tablespace &&INDEX_TABLESPACE
new:create index "DV_Box_Product_IDX" on "Box"("product_id") tablespace c##darya_IDX

Index "DV_Box_Product_IDX" created.

Elapsed: 00:00:00.008
old:create index "DV_Box_Type_IDX" on "Box"("type_id") tablespace &&INDEX_TABLESPACE
new:create index "DV_Box_Type_IDX" on "Box"("type_id") tablespace c##darya_IDX

Index "DV_Box_Type_IDX" created.

Elapsed: 00:00:00.007

Table "Price" altered.

Elapsed: 00:00:00.102
old:create index "DV_Price_Box_IDX" on "Price"("box_id") tablespace &&INDEX_TABLESPACE
new:create index "DV_Price_Box_IDX" on "Price"("box_id") tablespace c##darya_IDX

Index "DV_Price_Box_IDX" created.

Elapsed: 00:00:00.017

Table "Cell" altered.

Elapsed: 00:00:00.015

Table "Cell" altered.

Elapsed: 00:00:00.012
old:create index "DV_Cell_Box_IDX" on "Cell"("box_id") tablespace &&INDEX_TABLESPACE
new:create index "DV_Cell_Box_IDX" on "Cell"("box_id") tablespace c##darya_IDX

Index "DV_Cell_Box_IDX" created.

Elapsed: 00:00:00.010
old:create index "DV_Cell_Storage_IDX" on "Cell"("storage_id") tablespace &&INDEX_TABLESPACE
new:create index "DV_Cell_Storage_IDX" on "Cell"("storage_id") tablespace c##darya_IDX

Index "DV_Cell_Storage_IDX" created.

Elapsed: 00:00:00.006

Table "Batch" altered.

Elapsed: 00:00:00.017

Table "Batch" altered.

Elapsed: 00:00:00.011

Table "Batch" altered.

Elapsed: 00:00:00.011

Table "Batch" altered.

Elapsed: 00:00:00.013
old:create index "DV_Batch_Customer_IDX" on "Batch"("customer_id") tablespace &&INDEX_TABLESPACE
new:create index "DV_Batch_Customer_IDX" on "Batch"("customer_id") tablespace c##darya_IDX

Index "DV_Batch_Customer_IDX" created.

Elapsed: 00:00:00.009
old:create index "DV_Batch_Status_of_batch_IDX" on "Batch"("status_id") tablespace &&INDEX_TABLESPACE
new:create index "DV_Batch_Status_of_batch_IDX" on "Batch"("status_id") tablespace c##darya_IDX

Index "DV_Batch_Status_of_batch_IDX" created.

Elapsed: 00:00:00.005
old:create index "DV_Batch_Cell_IDX" on "Batch"("cell_id") tablespace &&INDEX_TABLESPACE
new:create index "DV_Batch_Cell_IDX" on "Batch"("cell_id") tablespace c##darya_IDX

Index "DV_Batch_Cell_IDX" created.

Elapsed: 00:00:00.005
old:create index "DV_Batch_Shipment_IDX" on "Batch"("shipment_id") tablespace &&INDEX_TABLESPACE
new:create index "DV_Batch_Shipment_IDX" on "Batch"("shipment_id") tablespace c##darya_IDX

Index "DV_Batch_Shipment_IDX" created.

Elapsed: 00:00:00.007
Elapsed: 00:00:00.007
